<?xml version="1.0" encoding="UTF-8"?>
<!-- Generated by org.testng.reporters.JUnitReportReporter -->
<testsuite hostname="dk-PC" name="com.amazon.test.ProductCheckout" tests="1" failures="0" timestamp="30 Apr 2020 05:45:12 GMT" time="167.630" errors="0">
  <testcase name="testProductCheckout" time="167.630" classname="com.amazon.test.ProductCheckout"/>
</testsuite> <!-- com.amazon.test.ProductCheckout -->
